[debug] [2024-08-11T01:02:32.131Z] ----------------------------------------------------------------------
[debug] [2024-08-11T01:02:32.133Z] Command:       C:\Program Files\nodejs\node.exe C:\Users\pawlo\AppData\Roaming\npm\node_modules\firebase-tools\lib\bin\firebase.js emulators:start --only functions
[debug] [2024-08-11T01:02:32.133Z] CLI Version:   13.14.2
[debug] [2024-08-11T01:02:32.133Z] Platform:      win32
[debug] [2024-08-11T01:02:32.133Z] Node Version:  v20.13.1
[debug] [2024-08-11T01:02:32.133Z] Time:          Sat Aug 10 2024 18:02:32 GMT-0700 (Pacific Daylight Time)
[debug] [2024-08-11T01:02:32.134Z] ----------------------------------------------------------------------
[debug] 
[debug] [2024-08-11T01:02:32.218Z] > command requires scopes: ["email","openid","https://www.googleapis.com/auth/cloudplatformprojects.readonly","https://www.googleapis.com/auth/firebase","https://www.googleapis.com/auth/cloud-platform"]
[debug] [2024-08-11T01:02:32.218Z] > authorizing via signed-in user (pawlossmengistu@gmail.com)
[info] i  emulators: Starting emulators: functions {"metadata":{"emulator":{"name":"hub"},"message":"Starting emulators: functions"}}
[debug] [2024-08-11T01:02:32.225Z] [logging] Logging Emulator only supports listening on one address (127.0.0.1). Not listening on ::1
[warn] !  ui: Emulator UI unable to start on port 4000, starting on 4003 instead. {"metadata":{"emulator":{"name":"ui"},"message":"Emulator UI unable to start on port 4000, starting on 4003 instead."}}
[debug] [2024-08-11T01:02:32.227Z] assigned listening specs for emulators {"user":{"hub":[{"address":"127.0.0.1","family":"IPv4","port":4400},{"address":"::1","family":"IPv6","port":4400}],"logging":[{"address":"127.0.0.1","family":"IPv4","port":4500}],"ui":[{"address":"127.0.0.1","family":"IPv4","port":4003},{"address":"::1","family":"IPv6","port":4003}]},"metadata":{"message":"assigned listening specs for emulators"}}
[warn] !  emulators: It seems that you are running multiple instances of the emulator suite for project clone-559ec. This may result in unexpected behavior. 
[debug] [2024-08-11T01:02:32.230Z] [hub] writing locator at C:\Users\pawlo\AppData\Local\Temp\hub-clone-559ec.json
[debug] [2024-08-11T01:02:32.246Z] [functions] Functions Emulator only supports listening on one address (127.0.0.1). Not listening on ::1
[debug] [2024-08-11T01:02:32.246Z] [eventarc] Eventarc Emulator only supports listening on one address (127.0.0.1). Not listening on ::1
[debug] [2024-08-11T01:02:32.246Z] late-assigned ports for functions and eventarc emulators {"user":{"hub":[{"address":"127.0.0.1","family":"IPv4","port":4400},{"address":"::1","family":"IPv6","port":4400}],"logging":[{"address":"127.0.0.1","family":"IPv4","port":4500}],"ui":[{"address":"127.0.0.1","family":"IPv4","port":4003},{"address":"::1","family":"IPv6","port":4003}],"functions":[{"address":"127.0.0.1","family":"IPv4","port":5001}],"eventarc":[{"address":"127.0.0.1","family":"IPv4","port":9299}]},"metadata":{"message":"late-assigned ports for functions and eventarc emulators"}}
[warn] !  functions: The following emulators are not running, calls to these services from the Functions emulator will affect production: auth, firestore, database, hosting, pubsub, storage, dataconnect {"metadata":{"emulator":{"name":"functions"},"message":"The following emulators are not running, calls to these services from the Functions emulator will affect production: \u001b[1mauth, firestore, database, hosting, pubsub, storage, dataconnect\u001b[22m"}}
[debug] [2024-08-11T01:02:32.249Z] defaultcredentials: writing to file C:\Users\pawlo\AppData\Roaming\firebase\pawlossmengistu_gmail_com_application_default_credentials.json
[debug] [2024-08-11T01:02:32.252Z] Setting GAC to C:\Users\pawlo\AppData\Roaming\firebase\pawlossmengistu_gmail_com_application_default_credentials.json {"metadata":{"emulator":{"name":"functions"},"message":"Setting GAC to C:\\Users\\pawlo\\AppData\\Roaming\\firebase\\pawlossmengistu_gmail_com_application_default_credentials.json"}}
[debug] [2024-08-11T01:02:32.254Z] >>> [apiv2][query] GET https://firebase.googleapis.com/v1beta1/projects/clone-559ec/adminSdkConfig [none]
[debug] [2024-08-11T01:02:32.646Z] <<< [apiv2][status] GET https://firebase.googleapis.com/v1beta1/projects/clone-559ec/adminSdkConfig 403
[debug] [2024-08-11T01:02:32.646Z] <<< [apiv2][body] GET https://firebase.googleapis.com/v1beta1/projects/clone-559ec/adminSdkConfig {"error":{"code":403,"message":"The caller does not have permission","status":"PERMISSION_DENIED"}}
[debug] [2024-08-11T01:02:32.647Z] Failed to get Admin SDK config for clone-559ec, falling back to cache Failed to get Admin SDK for Firebase project clone-559ec. Please make sure the project exists and your account has permission to access it. {"name":"FirebaseError","children":[],"exit":2,"message":"Failed to get Admin SDK for Firebase project clone-559ec. Please make sure the project exists and your account has permission to access it.","original":{"name":"FirebaseError","children":[],"context":{"body":{"error":{"code":403,"message":"The caller does not have permission","status":"PERMISSION_DENIED"}},"response":{"statusCode":403}},"exit":1,"message":"HTTP Error: 403, The caller does not have permission","status":403},"status":500}
[warn] !  functions: Unable to fetch project Admin SDK configuration, Admin SDK behavior in Cloud Functions emulator may be incorrect. {"metadata":{"emulator":{"name":"functions"},"message":"Unable to fetch project Admin SDK configuration, Admin SDK behavior in Cloud Functions emulator may be incorrect."}}
[debug] [2024-08-11T01:02:32.664Z] Ignoring unsupported arg: auto_download {"metadata":{"emulator":{"name":"ui"},"message":"Ignoring unsupported arg: auto_download"}}
[debug] [2024-08-11T01:02:32.664Z] Ignoring unsupported arg: port {"metadata":{"emulator":{"name":"ui"},"message":"Ignoring unsupported arg: port"}}
[debug] [2024-08-11T01:02:32.664Z] Starting Emulator UI with command {"binary":"node","args":["C:\\Users\\pawlo\\.cache\\firebase\\emulators\\ui-v1.13.0\\server\\server.mjs"],"optionalArgs":[],"joinArgs":false,"shell":false} {"metadata":{"emulator":{"name":"ui"},"message":"Starting Emulator UI with command {\"binary\":\"node\",\"args\":[\"C:\\\\Users\\\\pawlo\\\\.cache\\\\firebase\\\\emulators\\\\ui-v1.13.0\\\\server\\\\server.mjs\"],\"optionalArgs\":[],\"joinArgs\":false,\"shell\":false}"}}
[info] i  ui: Emulator UI logging to ui-debug.log {"metadata":{"emulator":{"name":"ui"},"message":"Emulator UI logging to \u001b[1mui-debug.log\u001b[22m"}}
[debug] [2024-08-11T01:02:32.793Z] Web / API server started at 127.0.0.1:4003
 {"metadata":{"emulator":{"name":"ui"},"message":"Web / API server started at 127.0.0.1:4003\n"}}
[debug] [2024-08-11T01:02:32.793Z] Web / API server started at ::1:4003
 {"metadata":{"emulator":{"name":"ui"},"message":"Web / API server started at ::1:4003\n"}}
[info] i  functions: Watching "D:\EvangadiPr\latest Amaxon\Amanzon Clone\amazoncloneIducational-FrontEnd\functions" for Cloud Functions... {"metadata":{"emulator":{"name":"functions"},"message":"Watching \"D:\\EvangadiPr\\latest Amaxon\\Amanzon Clone\\amazoncloneIducational-FrontEnd\\functions\" for Cloud Functions..."}}
[debug] [2024-08-11T01:02:32.901Z] Validating nodejs source
[debug] [2024-08-11T01:02:34.091Z] > [functions] package.json contents: {
  "name": "functions",
  "description": "Cloud Functions for Firebase",
  "scripts": {
    "serve": "firebase emulators:start --only functions",
    "shell": "firebase functions:shell",
    "start": "npm run shell",
    "deploy": "firebase deploy --only functions",
    "logs": "firebase functions:log"
  },
  "engines": {
    "node": "18"
  },
  "main": "index.js",
  "dependencies": {
    "@stripe/react-stripe-js": "^2.7.3",
    "@stripe/stripe-js": "^4.1.0",
    "cors": "^2.8.5",
    "dotenv": "^16.4.5",
    "express": "^4.19.2",
    "firebase-admin": "^12.1.0",
    "firebase-functions": "^5.0.0",
    "stripe": "^16.5.0"
  },
  "devDependencies": {
    "firebase-functions-test": "^3.1.0"
  },
  "private": true
}
[debug] [2024-08-11T01:02:34.092Z] Building nodejs source
[debug] [2024-08-11T01:02:34.092Z] Failed to find version of module node: reached end of search path D:\EvangadiPr\latest Amaxon\Amanzon Clone\amazoncloneIducational-FrontEnd\functions\node_modules
[warn] !  functions: Your requested "node" version "18" doesn't match your global version "20". Using node@20 from host. 
[debug] [2024-08-11T01:02:34.094Z] Could not find functions.yaml. Must use http discovery
[debug] [2024-08-11T01:02:34.100Z] Found firebase-functions binary at 'D:\EvangadiPr\latest Amaxon\Amanzon Clone\amazoncloneIducational-FrontEnd\functions\node_modules\.bin\firebase-functions'
[info] Serving at port 8466

[debug] [2024-08-11T01:02:34.713Z] Got response from /__/functions.yaml {"endpoints":{"api":{"availableMemoryMb":null,"timeoutSeconds":null,"minInstances":null,"maxInstances":null,"ingressSettings":null,"concurrency":null,"serviceAccountEmail":null,"vpc":null,"platform":"gcfv2","labels":{},"httpsTrigger":{},"entryPoint":"api"}},"specVersion":"v1alpha1","requiredAPIs":[]}
[info] +  functions: Loaded functions definitions from source: api. {"metadata":{"emulator":{"name":"functions"},"message":"Loaded functions definitions from source: api."}}
[info] +  functions[us-central1-api]: http function initialized (http://127.0.0.1:5001/clone-559ec/us-central1/api). {"metadata":{"emulator":{"name":"functions"},"message":"\u001b[1mhttp\u001b[22m function initialized (http://127.0.0.1:5001/clone-559ec/us-central1/api)."}}
[info] 
┌─────────────────────────────────────────────────────────────┐
│ ✔  All emulators ready! It is now safe to connect your app. │
│ i  View Emulator UI at http://127.0.0.1:4003/               │
└─────────────────────────────────────────────────────────────┘

┌───────────┬────────────────┬─────────────────────────────────┐
│ Emulator  │ Host:Port      │ View in Emulator UI             │
├───────────┼────────────────┼─────────────────────────────────┤
│ Functions │ 127.0.0.1:5001 │ http://127.0.0.1:4003/functions │
└───────────┴────────────────┴─────────────────────────────────┘
  Emulator Hub running at 127.0.0.1:4400
  Other reserved ports: 4500

Issues? Report them at https://github.com/firebase/firebase-tools/issues and attach the *-debug.log files.
 
[debug] [2024-08-11T01:03:18.044Z] [work-queue] {"queuedWork":["/clone-559ec/us-central1/api-2024-08-11T01:03:18.043Z"],"queueLength":1,"runningWork":[],"workRunningCount":0}
[debug] [2024-08-11T01:03:18.044Z] [work-queue] {"queuedWork":[],"queueLength":0,"runningWork":["/clone-559ec/us-central1/api-2024-08-11T01:03:18.043Z"],"workRunningCount":1}
[debug] [2024-08-11T01:03:18.046Z] Accepted request GET /clone-559ec/us-central1/api --> us-central1-api
[debug] [2024-08-11T01:03:18.053Z] [functions] Runtime ready! Sending request! {"metadata":{"emulator":{"name":"functions"},"message":"[functions] Runtime ready! Sending request!"}}
[debug] [2024-08-11T01:03:18.053Z] [functions] Got req.url=/clone-559ec/us-central1/api, mapping to path=/ {"metadata":{"emulator":{"name":"functions"},"message":"[functions] Got req.url=/clone-559ec/us-central1/api, mapping to path=/"}}
[debug] [2024-08-11T01:03:18.072Z] [worker-pool] addWorker(us-central1-api) {"metadata":{"emulator":{"name":"functions"},"message":"[worker-pool] addWorker(us-central1-api)"}}
[debug] [2024-08-11T01:03:18.073Z] [worker-pool] Adding worker with key us-central1-api, total=1 {"metadata":{"emulator":{"name":"functions"},"message":"[worker-pool] Adding worker with key us-central1-api, total=1"}}
[debug] [2024-08-11T01:03:19.082Z] [runtime-status] [19656] Resolved module firebase-admin {"declared":true,"installed":true,"version":"12.2.0","resolution":"D:\\EvangadiPr\\latest Amaxon\\Amanzon Clone\\amazoncloneIducational-FrontEnd\\functions\\node_modules\\firebase-admin\\lib\\index.js"} {"metadata":{"emulator":{"name":"functions"},"function":{"name":"us-central1-api"},"extension":{},"message":"[runtime-status] [19656] Resolved module firebase-admin {\"declared\":true,\"installed\":true,\"version\":\"12.2.0\",\"resolution\":\"D:\\\\EvangadiPr\\\\latest Amaxon\\\\Amanzon Clone\\\\amazoncloneIducational-FrontEnd\\\\functions\\\\node_modules\\\\firebase-admin\\\\lib\\\\index.js\"}"}}
[debug] [2024-08-11T01:03:19.082Z] [runtime-status] [19656] Resolved module firebase-functions {"declared":true,"installed":true,"version":"5.0.1","resolution":"D:\\EvangadiPr\\latest Amaxon\\Amanzon Clone\\amazoncloneIducational-FrontEnd\\functions\\node_modules\\firebase-functions\\lib\\v1\\index.js"} {"metadata":{"emulator":{"name":"functions"},"function":{"name":"us-central1-api"},"extension":{},"message":"[runtime-status] [19656] Resolved module firebase-functions {\"declared\":true,\"installed\":true,\"version\":\"5.0.1\",\"resolution\":\"D:\\\\EvangadiPr\\\\latest Amaxon\\\\Amanzon Clone\\\\amazoncloneIducational-FrontEnd\\\\functions\\\\node_modules\\\\firebase-functions\\\\lib\\\\v1\\\\index.js\"}"}}
[debug] [2024-08-11T01:03:19.083Z] [runtime-status] [19656] Outgoing network have been stubbed. [{"name":"http","status":"mocked"},{"name":"http","status":"mocked"},{"name":"https","status":"mocked"},{"name":"https","status":"mocked"},{"name":"net","status":"mocked"}] {"metadata":{"emulator":{"name":"functions"},"function":{"name":"us-central1-api"},"extension":{},"message":"[runtime-status] [19656] Outgoing network have been stubbed. [{\"name\":\"http\",\"status\":\"mocked\"},{\"name\":\"http\",\"status\":\"mocked\"},{\"name\":\"https\",\"status\":\"mocked\"},{\"name\":\"https\",\"status\":\"mocked\"},{\"name\":\"net\",\"status\":\"mocked\"}]"}}
[debug] [2024-08-11T01:03:19.083Z] [runtime-status] [19656] Resolved module firebase-functions {"declared":true,"installed":true,"version":"5.0.1","resolution":"D:\\EvangadiPr\\latest Amaxon\\Amanzon Clone\\amazoncloneIducational-FrontEnd\\functions\\node_modules\\firebase-functions\\lib\\v1\\index.js"} {"metadata":{"emulator":{"name":"functions"},"function":{"name":"us-central1-api"},"extension":{},"message":"[runtime-status] [19656] Resolved module firebase-functions {\"declared\":true,\"installed\":true,\"version\":\"5.0.1\",\"resolution\":\"D:\\\\EvangadiPr\\\\latest Amaxon\\\\Amanzon Clone\\\\amazoncloneIducational-FrontEnd\\\\functions\\\\node_modules\\\\firebase-functions\\\\lib\\\\v1\\\\index.js\"}"}}
[debug] [2024-08-11T01:03:19.330Z] [runtime-status] [19656] Checked functions.config() {"config":{}} {"metadata":{"emulator":{"name":"functions"},"function":{"name":"us-central1-api"},"extension":{},"message":"[runtime-status] [19656] Checked functions.config() {\"config\":{}}"}}
[debug] [2024-08-11T01:03:19.330Z] [runtime-status] [19656] firebase-functions has been stubbed. {"functionsResolution":{"declared":true,"installed":true,"version":"5.0.1","resolution":"D:\\EvangadiPr\\latest Amaxon\\Amanzon Clone\\amazoncloneIducational-FrontEnd\\functions\\node_modules\\firebase-functions\\lib\\v1\\index.js"}} {"metadata":{"emulator":{"name":"functions"},"function":{"name":"us-central1-api"},"extension":{},"message":"[runtime-status] [19656] firebase-functions has been stubbed. {\"functionsResolution\":{\"declared\":true,\"installed\":true,\"version\":\"5.0.1\",\"resolution\":\"D:\\\\EvangadiPr\\\\latest Amaxon\\\\Amanzon Clone\\\\amazoncloneIducational-FrontEnd\\\\functions\\\\node_modules\\\\firebase-functions\\\\lib\\\\v1\\\\index.js\"}}"}}
[debug] [2024-08-11T01:03:19.331Z] [runtime-status] [19656] Resolved module firebase-functions {"declared":true,"installed":true,"version":"5.0.1","resolution":"D:\\EvangadiPr\\latest Amaxon\\Amanzon Clone\\amazoncloneIducational-FrontEnd\\functions\\node_modules\\firebase-functions\\lib\\v1\\index.js"} {"metadata":{"emulator":{"name":"functions"},"function":{"name":"us-central1-api"},"extension":{},"message":"[runtime-status] [19656] Resolved module firebase-functions {\"declared\":true,\"installed\":true,\"version\":\"5.0.1\",\"resolution\":\"D:\\\\EvangadiPr\\\\latest Amaxon\\\\Amanzon Clone\\\\amazoncloneIducational-FrontEnd\\\\functions\\\\node_modules\\\\firebase-functions\\\\lib\\\\v1\\\\index.js\"}"}}
[debug] [2024-08-11T01:03:19.332Z] [runtime-status] [19656] Resolved module firebase-admin {"declared":true,"installed":true,"version":"12.2.0","resolution":"D:\\EvangadiPr\\latest Amaxon\\Amanzon Clone\\amazoncloneIducational-FrontEnd\\functions\\node_modules\\firebase-admin\\lib\\index.js"} {"metadata":{"emulator":{"name":"functions"},"function":{"name":"us-central1-api"},"extension":{},"message":"[runtime-status] [19656] Resolved module firebase-admin {\"declared\":true,\"installed\":true,\"version\":\"12.2.0\",\"resolution\":\"D:\\\\EvangadiPr\\\\latest Amaxon\\\\Amanzon Clone\\\\amazoncloneIducational-FrontEnd\\\\functions\\\\node_modules\\\\firebase-admin\\\\lib\\\\index.js\"}"}}
[debug] [2024-08-11T01:03:19.336Z] [runtime-status] [19656] Resolved module firebase-functions {"declared":true,"installed":true,"version":"5.0.1","resolution":"D:\\EvangadiPr\\latest Amaxon\\Amanzon Clone\\amazoncloneIducational-FrontEnd\\functions\\node_modules\\firebase-functions\\lib\\v1\\index.js"} {"metadata":{"emulator":{"name":"functions"},"function":{"name":"us-central1-api"},"extension":{},"message":"[runtime-status] [19656] Resolved module firebase-functions {\"declared\":true,\"installed\":true,\"version\":\"5.0.1\",\"resolution\":\"D:\\\\EvangadiPr\\\\latest Amaxon\\\\Amanzon Clone\\\\amazoncloneIducational-FrontEnd\\\\functions\\\\node_modules\\\\firebase-functions\\\\lib\\\\v1\\\\index.js\"}"}}
[debug] [2024-08-11T01:03:19.336Z] [runtime-status] [19656] firebase-admin has been stubbed. {"adminResolution":{"declared":true,"installed":true,"version":"12.2.0","resolution":"D:\\EvangadiPr\\latest Amaxon\\Amanzon Clone\\amazoncloneIducational-FrontEnd\\functions\\node_modules\\firebase-admin\\lib\\index.js"}} {"metadata":{"emulator":{"name":"functions"},"function":{"name":"us-central1-api"},"extension":{},"message":"[runtime-status] [19656] firebase-admin has been stubbed. {\"adminResolution\":{\"declared\":true,\"installed\":true,\"version\":\"12.2.0\",\"resolution\":\"D:\\\\EvangadiPr\\\\latest Amaxon\\\\Amanzon Clone\\\\amazoncloneIducational-FrontEnd\\\\functions\\\\node_modules\\\\firebase-admin\\\\lib\\\\index.js\"}}"}}
[debug] [2024-08-11T01:03:19.465Z] [runtime-status] [19656] Functions runtime initialized. {"cwd":"D:\\EvangadiPr\\latest Amaxon\\Amanzon Clone\\amazoncloneIducational-FrontEnd\\functions","node_version":"20.13.1"} {"metadata":{"emulator":{"name":"functions"},"function":{"name":"us-central1-api"},"extension":{},"message":"[runtime-status] [19656] Functions runtime initialized. {\"cwd\":\"D:\\\\EvangadiPr\\\\latest Amaxon\\\\Amanzon Clone\\\\amazoncloneIducational-FrontEnd\\\\functions\",\"node_version\":\"20.13.1\"}"}}
[debug] [2024-08-11T01:03:19.466Z] [runtime-status] [19656] Listening to port: \\?\pipe\fire_emu_b3615f41150f088f {"metadata":{"emulator":{"name":"functions"},"function":{"name":"us-central1-api"},"extension":{},"message":"[runtime-status] [19656] Listening to port: \\\\?\\pipe\\fire_emu_b3615f41150f088f"}}
[debug] [2024-08-11T01:03:19.506Z] [worker-us-central1-api-606f5fe9-afa2-4f59-836a-af2c5ff5fa61]: IDLE {"metadata":{"emulator":{"name":"functions"},"function":{"name":"us-central1-api"},"extension":{},"message":"[worker-us-central1-api-606f5fe9-afa2-4f59-836a-af2c5ff5fa61]: IDLE"}}
[debug] [2024-08-11T01:03:19.506Z] [worker-pool] submitRequest(triggerId=us-central1-api) {"metadata":{"emulator":{"name":"functions"},"message":"[worker-pool] submitRequest(triggerId=us-central1-api)"}}
[info] i  functions: Beginning execution of "us-central1-api" {"metadata":{"emulator":{"name":"functions"},"function":{"name":"us-central1-api"},"extension":{},"message":"Beginning execution of \"us-central1-api\""}}
[debug] [2024-08-11T01:03:19.507Z] [worker-us-central1-api-606f5fe9-afa2-4f59-836a-af2c5ff5fa61]: BUSY {"metadata":{"emulator":{"name":"functions"},"function":{"name":"us-central1-api"},"extension":{},"message":"[worker-us-central1-api-606f5fe9-afa2-4f59-836a-af2c5ff5fa61]: BUSY"}}
[debug] [2024-08-11T01:03:19.513Z] Finishing up request with event=pause {"metadata":{"emulator":{"name":"functions"},"function":{"name":"us-central1-api"},"extension":{},"message":"Finishing up request with event=pause"}}
[info] i  functions: Finished "us-central1-api" in 5.6605ms {"metadata":{"emulator":{"name":"functions"},"function":{"name":"us-central1-api"},"extension":{},"message":"Finished \"us-central1-api\" in 5.6605ms"}}
[debug] [2024-08-11T01:03:19.514Z] [worker-us-central1-api-606f5fe9-afa2-4f59-836a-af2c5ff5fa61]: IDLE {"metadata":{"emulator":{"name":"functions"},"function":{"name":"us-central1-api"},"extension":{},"message":"[worker-us-central1-api-606f5fe9-afa2-4f59-836a-af2c5ff5fa61]: IDLE"}}
[debug] [2024-08-11T01:03:19.514Z] Finishing up request with event=finish {"metadata":{"emulator":{"name":"functions"},"function":{"name":"us-central1-api"},"extension":{},"message":"Finishing up request with event=finish"}}
[debug] [2024-08-11T01:03:19.515Z] Finishing up request with event=close {"metadata":{"emulator":{"name":"functions"},"function":{"name":"us-central1-api"},"extension":{},"message":"Finishing up request with event=close"}}
[debug] [2024-08-11T01:03:19.515Z] [work-queue] {"queuedWork":[],"queueLength":0,"runningWork":[],"workRunningCount":0}
[debug] [2024-08-11T01:03:19.574Z] Functions emulator received unknown request at path /favicon.ico
